<?xml version="1.0" encoding="UTF-8"?>
<testsuite name="com.example.demothreadexecutor.DemoThreadExecutorApplicationTests" tests="1" skipped="0" failures="0" errors="0" timestamp="2019-11-10T14:16:10" hostname="neptune" time="0.256">
  <properties/>
  <testcase name="contextLoads()" classname="com.example.demothreadexecutor.DemoThreadExecutorApplicationTests" time="0.256"/>
  <system-out><![CDATA[07:16:07.535 [Test worker] DEBUG org.springframework.test.context.BootstrapUtils - Instantiating CacheAwareContextLoaderDelegate from class [org.springframework.test.context.cache.DefaultCacheAwareContextLoaderDelegate]
07:16:07.551 [Test worker] DEBUG org.springframework.test.context.BootstrapUtils - Instantiating BootstrapContext using constructor [public org.springframework.test.context.support.DefaultBootstrapContext(java.lang.Class,org.springframework.test.context.CacheAwareContextLoaderDelegate)]
07:16:07.582 [Test worker] DEBUG org.springframework.test.context.BootstrapUtils - Instantiating TestContextBootstrapper for test class [com.example.demothreadexecutor.DemoThreadExecutorApplicationTests] from class [org.springframework.boot.test.context.SpringBootTestContextBootstrapper]
07:16:07.597 [Test worker] INFO org.springframework.boot.test.context.SpringBootTestContextBootstrapper - Neither @ContextConfiguration nor @ContextHierarchy found for test class [com.example.demothreadexecutor.DemoThreadExecutorApplicationTests], using SpringBootContextLoader
07:16:07.601 [Test worker] DEBUG org.springframework.test.context.support.AbstractContextLoader - Did not detect default resource location for test class [com.example.demothreadexecutor.DemoThreadExecutorApplicationTests]: class path resource [com/example/demothreadexecutor/DemoThreadExecutorApplicationTests-context.xml] does not exist
07:16:07.602 [Test worker] DEBUG org.springframework.test.context.support.AbstractContextLoader - Did not detect default resource location for test class [com.example.demothreadexecutor.DemoThreadExecutorApplicationTests]: class path resource [com/example/demothreadexecutor/DemoThreadExecutorApplicationTestsContext.groovy] does not exist
07:16:07.602 [Test worker] INFO org.springframework.test.context.support.AbstractContextLoader - Could not detect default resource locations for test class [com.example.demothreadexecutor.DemoThreadExecutorApplicationTests]: no resource found for suffixes {-context.xml, Context.groovy}.
07:16:07.603 [Test worker] INFO org.springframework.test.context.support.AnnotationConfigContextLoaderUtils - Could not detect default configuration classes for test class [com.example.demothreadexecutor.DemoThreadExecutorApplicationTests]: DemoThreadExecutorApplicationTests does not declare any static, non-private, non-final, nested classes annotated with @Configuration.
07:16:07.645 [Test worker] DEBUG org.springframework.test.context.support.ActiveProfilesUtils - Could not find an 'annotation declaring class' for annotation type [org.springframework.test.context.ActiveProfiles] and class [com.example.demothreadexecutor.DemoThreadExecutorApplicationTests]
07:16:07.718 [Test worker] DEBUG org.springframework.context.annotation.ClassPathScanningCandidateComponentProvider - Identified candidate component class: file [/home/tito/git/demo-thread-executor/build/classes/java/main/com/example/demothreadexecutor/DemoThreadExecutorApplication.class]
07:16:07.720 [Test worker] INFO org.springframework.boot.test.context.SpringBootTestContextBootstrapper - Found @SpringBootConfiguration com.example.demothreadexecutor.DemoThreadExecutorApplication for test class com.example.demothreadexecutor.DemoThreadExecutorApplicationTests
07:16:07.807 [Test worker] DEBUG org.springframework.boot.test.context.SpringBootTestContextBootstrapper - @TestExecutionListeners is not present for class [com.example.demothreadexecutor.DemoThreadExecutorApplicationTests]: using defaults.
07:16:07.808 [Test worker] INFO org.springframework.boot.test.context.SpringBootTestContextBootstrapper - Loaded default TestExecutionListener class names from location [META-INF/spring.factories]: [org.springframework.boot.test.autoconfigure.restdocs.RestDocsTestExecutionListener, org.springframework.boot.test.autoconfigure.web.client.MockRestServiceServerResetTestExecutionListener, org.springframework.boot.test.autoconfigure.web.servlet.MockMvcPrintOnlyOnFailureTestExecutionListener, org.springframework.boot.test.autoconfigure.web.servlet.WebDriverTestExecutionListener, org.springframework.boot.test.mock.mockito.MockitoTestExecutionListener, org.springframework.boot.test.mock.mockito.ResetMocksTestExecutionListener, org.springframework.test.context.web.ServletTestExecutionListener, org.springframework.test.context.support.DirtiesContextBeforeModesTestExecutionListener, org.springframework.test.context.support.DependencyInjectionTestExecutionListener, org.springframework.test.context.support.DirtiesContextTestExecutionListener, org.springframework.test.context.transaction.TransactionalTestExecutionListener, org.springframework.test.context.jdbc.SqlScriptsTestExecutionListener, org.springframework.test.context.event.EventPublishingTestExecutionListener]
07:16:07.821 [Test worker] DEBUG org.springframework.boot.test.context.SpringBootTestContextBootstrapper - Skipping candidate TestExecutionListener [org.springframework.test.context.transaction.TransactionalTestExecutionListener] due to a missing dependency. Specify custom listener classes or make the default listener classes and their required dependencies available. Offending class: [org/springframework/transaction/TransactionDefinition]
07:16:07.822 [Test worker] DEBUG org.springframework.boot.test.context.SpringBootTestContextBootstrapper - Skipping candidate TestExecutionListener [org.springframework.test.context.jdbc.SqlScriptsTestExecutionListener] due to a missing dependency. Specify custom listener classes or make the default listener classes and their required dependencies available. Offending class: [org/springframework/transaction/interceptor/TransactionAttribute]
07:16:07.822 [Test worker] INFO org.springframework.boot.test.context.SpringBootTestContextBootstrapper - Using TestExecutionListeners: [org.springframework.test.context.web.ServletTestExecutionListener@5f35a26f, org.springframework.test.context.support.DirtiesContextBeforeModesTestExecutionListener@4ae8fc6d, org.springframework.boot.test.mock.mockito.MockitoTestExecutionListener@69e08492, org.springframework.boot.test.autoconfigure.SpringBootDependencyInjectionTestExecutionListener@41310478, org.springframework.test.context.support.DirtiesContextTestExecutionListener@3365f0eb, org.springframework.test.context.event.EventPublishingTestExecutionListener@3ee3697e, org.springframework.boot.test.autoconfigure.restdocs.RestDocsTestExecutionListener@534aae24, org.springframework.boot.test.autoconfigure.web.client.MockRestServiceServerResetTestExecutionListener@1a9162f1, org.springframework.boot.test.autoconfigure.web.servlet.MockMvcPrintOnlyOnFailureTestExecutionListener@66f2be0, org.springframework.boot.test.autoconfigure.web.servlet.WebDriverTestExecutionListener@23621aca, org.springframework.boot.test.mock.mockito.ResetMocksTestExecutionListener@25dfbb0c]
07:16:07.825 [Test worker] DEBUG org.springframework.test.context.support.AbstractDirtiesContextTestExecutionListener - Before test class: context [DefaultTestContext@10fb7187 testClass = DemoThreadExecutorApplicationTests, testInstance = [null], testMethod = [null], testException = [null], mergedContextConfiguration = [WebMergedContextConfiguration@21901c12 testClass = DemoThreadExecutorApplicationTests, locations = '{}', classes = '{class com.example.demothreadexecutor.DemoThreadExecutorApplication}', contextInitializerClasses = '[]', activeProfiles = '{}', propertySourceLocations = '{}', propertySourceProperties = '{org.springframework.boot.test.context.SpringBootTestContextBootstrapper=true}', contextCustomizers = set[org.springframework.boot.test.autoconfigure.properties.PropertyMappingContextCustomizer@0, org.springframework.boot.test.autoconfigure.web.servlet.WebDriverContextCustomizerFactory$Customizer@70ae08a3, org.springframework.boot.test.context.filter.ExcludeFilterContextCustomizer@520c993d, org.springframework.boot.test.json.DuplicateJsonObjectContextCustomizerFactory$DuplicateJsonObjectContextCustomizer@9593e4f, org.springframework.boot.test.mock.mockito.MockitoContextCustomizer@0, org.springframework.boot.test.web.client.TestRestTemplateContextCustomizer@f063e3f], resourceBasePath = 'src/main/webapp', contextLoader = 'org.springframework.boot.test.context.SpringBootContextLoader', parent = [null]], attributes = map['org.springframework.test.context.web.ServletTestExecutionListener.activateListener' -> true]], class annotated with @DirtiesContext [false] with mode [null].
07:16:07.856 [Test worker] DEBUG org.springframework.test.context.support.TestPropertySourceUtils - Adding inlined properties to environment: {spring.jmx.enabled=false, org.springframework.boot.test.context.SpringBootTestContextBootstrapper=true, server.port=-1}

  .   ____          _            __ _ _
 /\\ / ___'_ __ _ _(_)_ __  __ _ \ \ \ \
( ( )\___ | '_ | '_| | '_ \/ _` | \ \ \ \
 \\/  ___)| |_)| | | | | || (_| |  ) ) ) )
  '  |____| .__|_| |_|_| |_\__, | / / / /
 =========|_|==============|___/=/_/_/_/
 :: Spring Boot ::        (v2.2.1.RELEASE)

2019-11-10 07:16:08.205  INFO 29400 --- [    Test worker] c.e.d.DemoThreadExecutorApplicationTests : Starting DemoThreadExecutorApplicationTests on neptune with PID 29400 (started by tito in /home/tito/git/demo-thread-executor)
2019-11-10 07:16:08.207  INFO 29400 --- [    Test worker] c.e.d.DemoThreadExecutorApplicationTests : No active profile set, falling back to default profiles: default
2019-11-10 07:16:09.485  INFO 29400 --- [    Test worker] c.e.demothreadexecutor.Configuration     : Creating Executor Threadpool
2019-11-10 07:16:09.490  INFO 29400 --- [    Test worker] c.e.demothreadexecutor.Configuration     : Creating Executor Threadpool
2019-11-10 07:16:09.492  INFO 29400 --- [    Test worker] c.e.demothreadexecutor.Configuration     : Creating Executor Threadpool
2019-11-10 07:16:09.495  INFO 29400 --- [    Test worker] o.s.s.concurrent.ThreadPoolTaskExecutor  : Initializing ExecutorService
2019-11-10 07:16:09.504  INFO 29400 --- [    Test worker] o.s.s.concurrent.ThreadPoolTaskExecutor  : Initializing ExecutorService 'springThreadPool'
2019-11-10 07:16:10.528  INFO 29400 --- [    Test worker] o.s.b.a.e.web.EndpointLinksResolver      : Exposing 2 endpoint(s) beneath base path '/actuator'
2019-11-10 07:16:10.641  INFO 29400 --- [    Test worker] c.e.d.DemoThreadExecutorApplicationTests : Started DemoThreadExecutorApplicationTests in 2.775 seconds (JVM running for 4.007)
]]></system-out>
  <system-err><![CDATA[]]></system-err>
</testsuite>
